[debug] [2022-01-27T21:14:06.427Z] ----------------------------------------------------------------------
[debug] [2022-01-27T21:14:06.429Z] Command:       /usr/local/bin/node /usr/local/bin/firebase emulators:start
[debug] [2022-01-27T21:14:06.429Z] CLI Version:   10.1.2
[debug] [2022-01-27T21:14:06.429Z] Platform:      darwin
[debug] [2022-01-27T21:14:06.430Z] Node Version:  v14.15.3
[debug] [2022-01-27T21:14:06.431Z] Time:          Thu Jan 27 2022 16:14:06 GMT-0500 (Eastern Standard Time)
[debug] [2022-01-27T21:14:06.431Z] ----------------------------------------------------------------------
[debug] 
[debug] [2022-01-27T21:14:06.482Z] Field ".emulators.firestore.port" in "firebase.json" is possibly invalid: should be number
[debug] [2022-01-27T21:14:06.488Z] > command requires scopes: ["email","openid","https://www.googleapis.com/auth/cloudplatformprojects.readonly","https://www.googleapis.com/auth/firebase","https://www.googleapis.com/auth/cloud-platform"]
[debug] [2022-01-27T21:14:06.488Z] > authorizing via signed-in user (richiemajor1@gmail.com)
[info] i  emulators: Starting emulators: functions, firestore, hosting {"metadata":{"emulator":{"name":"hub"},"message":"Starting emulators: functions, firestore, hosting"}}
[debug] [2022-01-27T21:14:06.522Z] [hub] writing locator at /var/folders/5_/btgqz_dx66n3w5st0bybkpf00000gn/T/hub-clone-9b302.json
[warn] ⚠  functions: The following emulators are not running, calls to these services from the Functions emulator will affect production: auth, database, pubsub, storage {"metadata":{"emulator":{"name":"functions"},"message":"The following emulators are not running, calls to these services from the Functions emulator will affect production: \u001b[1mauth, database, pubsub, storage\u001b[22m"}}
[warn] ⚠  Your requested "node" version "16" doesn't match your global version "14" {"metadata":{"emulator":{"name":"functions"},"message":"Your requested \"node\" version \"16\" doesn't match your global version \"14\""}}
[debug] [2022-01-27T21:14:06.598Z] defaultcredentials: writing to file /Users/richiehagenah/.config/firebase/richiemajor1_gmail_com_application_default_credentials.json
[debug] [2022-01-27T21:14:06.603Z] Setting GAC to /Users/richiehagenah/.config/firebase/richiemajor1_gmail_com_application_default_credentials.json {"metadata":{"emulator":{"name":"functions"},"message":"Setting GAC to /Users/richiehagenah/.config/firebase/richiemajor1_gmail_com_application_default_credentials.json"}}
[debug] [2022-01-27T21:14:06.605Z] > refreshing access token with scopes: []
[debug] [2022-01-27T21:14:06.605Z] >>> HTTP REQUEST POST https://www.googleapis.com/oauth2/v3/token  
 <request body omitted>
[debug] [2022-01-27T21:14:06.719Z] <<< HTTP RESPONSE 200 {"date":"Thu, 27 Jan 2022 21:14:06 GMT","cache-control":"no-cache, no-store, max-age=0, must-revalidate","pragma":"no-cache","expires":"Mon, 01 Jan 1990 00:00:00 GMT","content-type":"application/json; charset=utf-8","vary":"X-Origin, Referer, Origin,Accept-Encoding","server":"scaffolding on HTTPServer2","x-xss-protection":"0","x-frame-options":"SAMEORIGIN","x-content-type-options":"nosniff","alt-svc":"h3=\":443\"; ma=2592000,h3-29=\":443\"; ma=2592000,h3-Q050=\":443\"; ma=2592000,h3-Q046=\":443\"; ma=2592000,h3-Q043=\":443\"; ma=2592000,quic=\":443\"; ma=2592000; v=\"46,43\"","accept-ranges":"none","transfer-encoding":"chunked"}
[debug] [2022-01-27T21:14:06.774Z] >>> [apiv2][query] GET https://firebase.googleapis.com/v1beta1/projects/clone-9b302/adminSdkConfig [none]
[debug] [2022-01-27T21:14:07.022Z] <<< [apiv2][status] GET https://firebase.googleapis.com/v1beta1/projects/clone-9b302/adminSdkConfig 200
[debug] [2022-01-27T21:14:07.022Z] <<< [apiv2][body] GET https://firebase.googleapis.com/v1beta1/projects/clone-9b302/adminSdkConfig {"projectId":"clone-9b302","storageBucket":"clone-9b302.appspot.com","locationId":"us-central"}
[warn] ⚠  firestore: Did not find a Cloud Firestore rules file specified in a firebase.json config file. {"metadata":{"emulator":{"name":"firestore"},"message":"Did not find a Cloud Firestore rules file specified in a firebase.json config file."}}
[warn] ⚠  firestore: The emulator will default to allowing all reads and writes. Learn more about this option: https://firebase.google.com/docs/emulator-suite/install_and_configure#security_rules_configuration. {"metadata":{"emulator":{"name":"firestore"},"message":"The emulator will default to allowing all reads and writes. Learn more about this option: https://firebase.google.com/docs/emulator-suite/install_and_configure#security_rules_configuration."}}
[debug] [2022-01-27T21:14:07.054Z] Ignoring unsupported arg: projectId {"metadata":{"emulator":{"name":"firestore"},"message":"Ignoring unsupported arg: projectId"}}
[debug] [2022-01-27T21:14:07.054Z] Ignoring unsupported arg: auto_download {"metadata":{"emulator":{"name":"firestore"},"message":"Ignoring unsupported arg: auto_download"}}
[debug] [2022-01-27T21:14:07.055Z] Starting Firestore Emulator with command {"binary":"java","args":["-Dgoogle.cloud_firestore.debug_log_level=FINE","-Duser.language=en","-jar","/Users/richiehagenah/.cache/firebase/emulators/cloud-firestore-emulator-v1.13.1.jar","--host","localhost","--port",8000,"--functions_emulator","localhost:8080"],"optionalArgs":["port","webchannel_port","host","rules","functions_emulator","seed_from_export"],"joinArgs":false} {"metadata":{"emulator":{"name":"firestore"},"message":"Starting Firestore Emulator with command {\"binary\":\"java\",\"args\":[\"-Dgoogle.cloud_firestore.debug_log_level=FINE\",\"-Duser.language=en\",\"-jar\",\"/Users/richiehagenah/.cache/firebase/emulators/cloud-firestore-emulator-v1.13.1.jar\",\"--host\",\"localhost\",\"--port\",8000,\"--functions_emulator\",\"localhost:8080\"],\"optionalArgs\":[\"port\",\"webchannel_port\",\"host\",\"rules\",\"functions_emulator\",\"seed_from_export\"],\"joinArgs\":false}"}}
[info] i  firestore: Firestore Emulator logging to firestore-debug.log {"metadata":{"emulator":{"name":"firestore"},"message":"Firestore Emulator logging to \u001b[1mfirestore-debug.log\u001b[22m"}}
[debug] [2022-01-27T21:14:08.599Z] Jan 27, 2022 4:14:08 PM com.google.cloud.datastore.emulator.firestore.websocket.WebSocketServer start
INFO: Started WebSocket server on ws://localhost:58426
 {"metadata":{"emulator":{"name":"firestore"},"message":"Jan 27, 2022 4:14:08 PM com.google.cloud.datastore.emulator.firestore.websocket.WebSocketServer start\nINFO: Started WebSocket server on ws://localhost:58426\n"}}
[debug] [2022-01-27T21:14:08.622Z] API endpoint: http:// {"metadata":{"emulator":{"name":"firestore"},"message":"API endpoint: http://"}}
[debug] [2022-01-27T21:14:08.623Z] localhost:8000
If you are using a library that supports the FIRESTORE_EMULATOR_HOST environment variable, run:

   export FIRESTORE_EMULATOR_HOST=localhost:8000

Dev App Server is now running.

 {"metadata":{"emulator":{"name":"firestore"},"message":"localhost:8000\nIf you are using a library that supports the FIRESTORE_EMULATOR_HOST environment variable, run:\n\n   export FIRESTORE_EMULATOR_HOST=localhost:8000\n\nDev App Server is now running.\n\n"}}
[debug] [2022-01-27T21:14:08.836Z] >>> [apiv2][query] GET https://firebasehosting.googleapis.com/v1beta1/projects/clone-9b302/sites 
[debug] [2022-01-27T21:14:09.190Z] <<< [apiv2][status] GET https://firebasehosting.googleapis.com/v1beta1/projects/clone-9b302/sites 200
[debug] [2022-01-27T21:14:09.190Z] <<< [apiv2][body] GET https://firebasehosting.googleapis.com/v1beta1/projects/clone-9b302/sites {"sites":[{"name":"projects/462236359739/sites/clone-9b302","defaultUrl":"https://clone-9b302.web.app","appId":"1:462236359739:web:c6801cc4e728780bf9d01e","type":"DEFAULT_SITE"}]}
[debug] [2022-01-27T21:14:09.190Z] >>> [apiv2][query] GET https://firebase.googleapis.com/v1beta1/projects/clone-9b302/webApps/1:462236359739:web:c6801cc4e728780bf9d01e/config [none]
[debug] [2022-01-27T21:14:09.564Z] <<< [apiv2][status] GET https://firebase.googleapis.com/v1beta1/projects/clone-9b302/webApps/1:462236359739:web:c6801cc4e728780bf9d01e/config 200
[debug] [2022-01-27T21:14:09.564Z] <<< [apiv2][body] GET https://firebase.googleapis.com/v1beta1/projects/clone-9b302/webApps/1:462236359739:web:c6801cc4e728780bf9d01e/config {"projectId":"clone-9b302","appId":"1:462236359739:web:c6801cc4e728780bf9d01e","storageBucket":"clone-9b302.appspot.com","locationId":"us-central","apiKey":"AIzaSyCsUwzHAVb1x2wr0cn-tGUji3-fiAroFIA","authDomain":"clone-9b302.firebaseapp.com","messagingSenderId":"462236359739"}
[info] i  hosting: Serving hosting files from: build {"metadata":{"emulator":{"name":"hosting"},"message":"Serving hosting files from: \u001b[1mbuild\u001b[22m"}}
[info] ✔  hosting: Local server: http://localhost:4000 {"metadata":{"emulator":{"name":"hosting"},"message":"Local server: \u001b[4m\u001b[1mhttp://localhost:4000\u001b[22m\u001b[24m"}}
[warn] ⚠  ui: Emulator UI unable to start on port 4000, starting on 4001 instead. {"metadata":{"emulator":{"name":"ui"},"message":"Emulator UI unable to start on port 4000, starting on 4001 instead."}}
[debug] [2022-01-27T21:14:09.883Z] Ignoring unsupported arg: auto_download {"metadata":{"emulator":{"name":"ui"},"message":"Ignoring unsupported arg: auto_download"}}
[debug] [2022-01-27T21:14:09.883Z] Ignoring unsupported arg: port {"metadata":{"emulator":{"name":"ui"},"message":"Ignoring unsupported arg: port"}}
[debug] [2022-01-27T21:14:09.884Z] Starting Emulator UI with command {"binary":"node","args":["/Users/richiehagenah/.cache/firebase/emulators/ui-v1.6.4/server.bundle.js"],"optionalArgs":[],"joinArgs":false} {"metadata":{"emulator":{"name":"ui"},"message":"Starting Emulator UI with command {\"binary\":\"node\",\"args\":[\"/Users/richiehagenah/.cache/firebase/emulators/ui-v1.6.4/server.bundle.js\"],\"optionalArgs\":[],\"joinArgs\":false}"}}
[info] i  ui: Emulator UI logging to ui-debug.log {"metadata":{"emulator":{"name":"ui"},"message":"Emulator UI logging to \u001b[1mui-debug.log\u001b[22m"}}
[debug] [2022-01-27T21:14:09.984Z] Web / API server started at localhost:4001
 {"metadata":{"emulator":{"name":"ui"},"message":"Web / API server started at localhost:4001\n"}}
[info] i  functions: Watching "/Users/richiehagenah/Amazon-Clone/amazon-clone/functions" for Cloud Functions... {"metadata":{"emulator":{"name":"functions"},"message":"Watching \"/Users/richiehagenah/Amazon-Clone/amazon-clone/functions\" for Cloud Functions..."}}
[debug] [2022-01-27T21:14:10.157Z] [worker-pool] addWorker(~diagnostic~) {"metadata":{"emulator":{"name":"functions"},"message":"[worker-pool] addWorker(~diagnostic~)"}}
[debug] [2022-01-27T21:14:10.158Z] [worker-pool] Adding worker with key ~diagnostic~, total=1 {"metadata":{"emulator":{"name":"functions"},"message":"[worker-pool] Adding worker with key ~diagnostic~, total=1"}}
[debug] [2022-01-27T21:14:10.158Z] [worker-pool] submitWork(triggerId=) {"metadata":{"emulator":{"name":"functions"},"message":"[worker-pool] submitWork(triggerId=)"}}
[debug] [2022-01-27T21:14:10.158Z] [worker-~diagnostic~-ff925cb1-97c5-49b6-86d1-5687af5a8329]: Assigning socketPath: /var/folders/5_/btgqz_dx66n3w5st0bybkpf00000gn/T/fire_emu_8055.sock {"metadata":{"emulator":{"name":"functions"},"message":"[worker-~diagnostic~-ff925cb1-97c5-49b6-86d1-5687af5a8329]: Assigning socketPath: /var/folders/5_/btgqz_dx66n3w5st0bybkpf00000gn/T/fire_emu_8055.sock"}}
[debug] [2022-01-27T21:14:10.159Z] [worker-~diagnostic~-ff925cb1-97c5-49b6-86d1-5687af5a8329]: BUSY {"metadata":{"emulator":{"name":"functions"},"message":"[worker-~diagnostic~-ff925cb1-97c5-49b6-86d1-5687af5a8329]: BUSY"}}
[debug] [2022-01-27T21:14:10.349Z] [runtime-status] [8055] Functions runtime initialized. {"cwd":"/Users/richiehagenah/Amazon-Clone/amazon-clone/functions","node_version":"14.15.3"} {"metadata":{"emulator":{"name":"functions"},"message":"[runtime-status] [8055] Functions runtime initialized. {\"cwd\":\"/Users/richiehagenah/Amazon-Clone/amazon-clone/functions\",\"node_version\":\"14.15.3\"}"}}
[debug] [2022-01-27T21:14:10.350Z] [runtime-status] [8055] Disabled runtime features: undefined {"metadata":{"emulator":{"name":"functions"},"message":"[runtime-status] [8055] Disabled runtime features: undefined"}}
[debug] [2022-01-27T21:14:10.355Z] [runtime-status] [8055] Resolved module firebase-admin {"declared":true,"installed":true,"version":"9.12.0","resolution":"/Users/richiehagenah/Amazon-Clone/amazon-clone/functions/node_modules/firebase-admin/lib/index.js"} {"metadata":{"emulator":{"name":"functions"},"message":"[runtime-status] [8055] Resolved module firebase-admin {\"declared\":true,\"installed\":true,\"version\":\"9.12.0\",\"resolution\":\"/Users/richiehagenah/Amazon-Clone/amazon-clone/functions/node_modules/firebase-admin/lib/index.js\"}"}}
[debug] [2022-01-27T21:14:10.358Z] [runtime-status] [8055] Resolved module firebase-functions {"declared":true,"installed":true,"version":"3.16.0","resolution":"/Users/richiehagenah/Amazon-Clone/amazon-clone/functions/node_modules/firebase-functions/lib/index.js"} {"metadata":{"emulator":{"name":"functions"},"message":"[runtime-status] [8055] Resolved module firebase-functions {\"declared\":true,\"installed\":true,\"version\":\"3.16.0\",\"resolution\":\"/Users/richiehagenah/Amazon-Clone/amazon-clone/functions/node_modules/firebase-functions/lib/index.js\"}"}}
[debug] [2022-01-27T21:14:10.360Z] [runtime-status] [8055] Outgoing network have been stubbed. [{"name":"http","status":"mocked"},{"name":"http","status":"mocked"},{"name":"https","status":"mocked"},{"name":"https","status":"mocked"},{"name":"net","status":"mocked"}] {"metadata":{"emulator":{"name":"functions"},"message":"[runtime-status] [8055] Outgoing network have been stubbed. [{\"name\":\"http\",\"status\":\"mocked\"},{\"name\":\"http\",\"status\":\"mocked\"},{\"name\":\"https\",\"status\":\"mocked\"},{\"name\":\"https\",\"status\":\"mocked\"},{\"name\":\"net\",\"status\":\"mocked\"}]"}}
[debug] [2022-01-27T21:14:10.361Z] [runtime-status] [8055] Resolved module firebase-functions {"declared":true,"installed":true,"version":"3.16.0","resolution":"/Users/richiehagenah/Amazon-Clone/amazon-clone/functions/node_modules/firebase-functions/lib/index.js"} {"metadata":{"emulator":{"name":"functions"},"message":"[runtime-status] [8055] Resolved module firebase-functions {\"declared\":true,\"installed\":true,\"version\":\"3.16.0\",\"resolution\":\"/Users/richiehagenah/Amazon-Clone/amazon-clone/functions/node_modules/firebase-functions/lib/index.js\"}"}}
[debug] [2022-01-27T21:14:10.430Z] [runtime-status] [8055] Checked functions.config() {"config":{}} {"metadata":{"emulator":{"name":"functions"},"message":"[runtime-status] [8055] Checked functions.config() {\"config\":{}}"}}
[debug] [2022-01-27T21:14:10.430Z] [runtime-status] [8055] firebase-functions has been stubbed. {"functionsResolution":{"declared":true,"installed":true,"version":"3.16.0","resolution":"/Users/richiehagenah/Amazon-Clone/amazon-clone/functions/node_modules/firebase-functions/lib/index.js"}} {"metadata":{"emulator":{"name":"functions"},"message":"[runtime-status] [8055] firebase-functions has been stubbed. {\"functionsResolution\":{\"declared\":true,\"installed\":true,\"version\":\"3.16.0\",\"resolution\":\"/Users/richiehagenah/Amazon-Clone/amazon-clone/functions/node_modules/firebase-functions/lib/index.js\"}}"}}
[debug] [2022-01-27T21:14:10.431Z] [runtime-status] [8055] Resolved module firebase-functions {"declared":true,"installed":true,"version":"3.16.0","resolution":"/Users/richiehagenah/Amazon-Clone/amazon-clone/functions/node_modules/firebase-functions/lib/index.js"} {"metadata":{"emulator":{"name":"functions"},"message":"[runtime-status] [8055] Resolved module firebase-functions {\"declared\":true,\"installed\":true,\"version\":\"3.16.0\",\"resolution\":\"/Users/richiehagenah/Amazon-Clone/amazon-clone/functions/node_modules/firebase-functions/lib/index.js\"}"}}
[debug] [2022-01-27T21:14:10.433Z] [runtime-status] [8055] Resolved module firebase-admin {"declared":true,"installed":true,"version":"9.12.0","resolution":"/Users/richiehagenah/Amazon-Clone/amazon-clone/functions/node_modules/firebase-admin/lib/index.js"} {"metadata":{"emulator":{"name":"functions"},"message":"[runtime-status] [8055] Resolved module firebase-admin {\"declared\":true,\"installed\":true,\"version\":\"9.12.0\",\"resolution\":\"/Users/richiehagenah/Amazon-Clone/amazon-clone/functions/node_modules/firebase-admin/lib/index.js\"}"}}
[debug] [2022-01-27T21:14:10.433Z] [runtime-status] [8055] Resolved module firebase-functions {"declared":true,"installed":true,"version":"3.16.0","resolution":"/Users/richiehagenah/Amazon-Clone/amazon-clone/functions/node_modules/firebase-functions/lib/index.js"} {"metadata":{"emulator":{"name":"functions"},"message":"[runtime-status] [8055] Resolved module firebase-functions {\"declared\":true,\"installed\":true,\"version\":\"3.16.0\",\"resolution\":\"/Users/richiehagenah/Amazon-Clone/amazon-clone/functions/node_modules/firebase-functions/lib/index.js\"}"}}
[debug] [2022-01-27T21:14:10.434Z] [runtime-status] [8055] firebase-admin has been stubbed. {"adminResolution":{"declared":true,"installed":true,"version":"9.12.0","resolution":"/Users/richiehagenah/Amazon-Clone/amazon-clone/functions/node_modules/firebase-admin/lib/index.js"}} {"metadata":{"emulator":{"name":"functions"},"message":"[runtime-status] [8055] firebase-admin has been stubbed. {\"adminResolution\":{\"declared\":true,\"installed\":true,\"version\":\"9.12.0\",\"resolution\":\"/Users/richiehagenah/Amazon-Clone/amazon-clone/functions/node_modules/firebase-admin/lib/index.js\"}}"}}
[info] ✔  functions[us-central1-api]: http function initialized (http://localhost:8080/clone-9b302/us-central1/api). {"metadata":{"emulator":{"name":"functions"},"message":"\u001b[1mhttp\u001b[22m function initialized (http://localhost:8080/clone-9b302/us-central1/api)."}}
[info] 
┌─────────────────────────────────────────────────────────────┐
│ ✔  All emulators ready! It is now safe to connect your app. │
│ i  View Emulator UI at http://localhost:4001                │
└─────────────────────────────────────────────────────────────┘

┌───────────┬────────────────┬─────────────────────────────────┐
│ Emulator  │ Host:Port      │ View in Emulator UI             │
├───────────┼────────────────┼─────────────────────────────────┤
│ Functions │ localhost:8080 │ http://localhost:4001/functions │
├───────────┼────────────────┼─────────────────────────────────┤
│ Firestore │ localhost:8000 │ http://localhost:4001/firestore │
├───────────┼────────────────┼─────────────────────────────────┤
│ Hosting   │ localhost:4000 │ n/a                             │
└───────────┴────────────────┴─────────────────────────────────┘
  Emulator Hub running at localhost:4400
  Other reserved ports: 4500

Issues? Report them at https://github.com/firebase/firebase-tools/issues and attach the *-debug.log files.
 
[debug] [2022-01-27T21:14:10.631Z] [worker-~diagnostic~-ff925cb1-97c5-49b6-86d1-5687af5a8329]: IDLE {"metadata":{"emulator":{"name":"functions"},"message":"[worker-~diagnostic~-ff925cb1-97c5-49b6-86d1-5687af5a8329]: IDLE"}}
[debug] [2022-01-27T21:14:30.372Z] [work-queue] {"queueLength":1,"workRunningCount":0}
[debug] [2022-01-27T21:14:30.373Z] [work-queue] {"queueLength":0,"workRunningCount":1}
[debug] [2022-01-27T21:14:30.373Z] Accepted request POST /clone-9b302/us-central1/api/payments/create?total=11196 --> us-central1-api
[debug] [2022-01-27T21:14:30.382Z] [worker-pool] addWorker(us-central1-api) {"metadata":{"emulator":{"name":"functions"},"message":"[worker-pool] addWorker(us-central1-api)"}}
[debug] [2022-01-27T21:14:30.383Z] [worker-pool] Adding worker with key us-central1-api, total=1 {"metadata":{"emulator":{"name":"functions"},"message":"[worker-pool] Adding worker with key us-central1-api, total=1"}}
[debug] [2022-01-27T21:14:30.383Z] [worker-pool] submitWork(triggerId=us-central1-api) {"metadata":{"emulator":{"name":"functions"},"message":"[worker-pool] submitWork(triggerId=us-central1-api)"}}
[debug] [2022-01-27T21:14:30.383Z] [worker-us-central1-api-06b84d7a-f26a-499c-a8ab-7d3f2198ade2]: Assigning socketPath: /var/folders/5_/btgqz_dx66n3w5st0bybkpf00000gn/T/fire_emu_8123.sock {"metadata":{"emulator":{"name":"functions"},"message":"[worker-us-central1-api-06b84d7a-f26a-499c-a8ab-7d3f2198ade2]: Assigning socketPath: /var/folders/5_/btgqz_dx66n3w5st0bybkpf00000gn/T/fire_emu_8123.sock"}}
[debug] [2022-01-27T21:14:30.384Z] [worker-us-central1-api-06b84d7a-f26a-499c-a8ab-7d3f2198ade2]: BUSY {"metadata":{"emulator":{"name":"functions"},"message":"[worker-us-central1-api-06b84d7a-f26a-499c-a8ab-7d3f2198ade2]: BUSY"}}
[debug] [2022-01-27T21:14:30.603Z] [runtime-status] [8123] Functions runtime initialized. {"cwd":"/Users/richiehagenah/Amazon-Clone/amazon-clone/functions","node_version":"14.15.3"} {"metadata":{"emulator":{"name":"functions"},"function":{"name":"us-central1-api"},"message":"[runtime-status] [8123] Functions runtime initialized. {\"cwd\":\"/Users/richiehagenah/Amazon-Clone/amazon-clone/functions\",\"node_version\":\"14.15.3\"}"}}
[debug] [2022-01-27T21:14:30.606Z] [runtime-status] [8123] Disabled runtime features: undefined {"metadata":{"emulator":{"name":"functions"},"function":{"name":"us-central1-api"},"message":"[runtime-status] [8123] Disabled runtime features: undefined"}}
[debug] [2022-01-27T21:14:30.609Z] [runtime-status] [8123] Resolved module firebase-admin {"declared":true,"installed":true,"version":"9.12.0","resolution":"/Users/richiehagenah/Amazon-Clone/amazon-clone/functions/node_modules/firebase-admin/lib/index.js"} {"metadata":{"emulator":{"name":"functions"},"function":{"name":"us-central1-api"},"message":"[runtime-status] [8123] Resolved module firebase-admin {\"declared\":true,\"installed\":true,\"version\":\"9.12.0\",\"resolution\":\"/Users/richiehagenah/Amazon-Clone/amazon-clone/functions/node_modules/firebase-admin/lib/index.js\"}"}}
[debug] [2022-01-27T21:14:30.612Z] [runtime-status] [8123] Resolved module firebase-functions {"declared":true,"installed":true,"version":"3.16.0","resolution":"/Users/richiehagenah/Amazon-Clone/amazon-clone/functions/node_modules/firebase-functions/lib/index.js"} {"metadata":{"emulator":{"name":"functions"},"function":{"name":"us-central1-api"},"message":"[runtime-status] [8123] Resolved module firebase-functions {\"declared\":true,\"installed\":true,\"version\":\"3.16.0\",\"resolution\":\"/Users/richiehagenah/Amazon-Clone/amazon-clone/functions/node_modules/firebase-functions/lib/index.js\"}"}}
[debug] [2022-01-27T21:14:30.613Z] [runtime-status] [8123] Outgoing network have been stubbed. [{"name":"http","status":"mocked"},{"name":"http","status":"mocked"},{"name":"https","status":"mocked"},{"name":"https","status":"mocked"},{"name":"net","status":"mocked"}] {"metadata":{"emulator":{"name":"functions"},"function":{"name":"us-central1-api"},"message":"[runtime-status] [8123] Outgoing network have been stubbed. [{\"name\":\"http\",\"status\":\"mocked\"},{\"name\":\"http\",\"status\":\"mocked\"},{\"name\":\"https\",\"status\":\"mocked\"},{\"name\":\"https\",\"status\":\"mocked\"},{\"name\":\"net\",\"status\":\"mocked\"}]"}}
[debug] [2022-01-27T21:14:30.614Z] [runtime-status] [8123] Resolved module firebase-functions {"declared":true,"installed":true,"version":"3.16.0","resolution":"/Users/richiehagenah/Amazon-Clone/amazon-clone/functions/node_modules/firebase-functions/lib/index.js"} {"metadata":{"emulator":{"name":"functions"},"function":{"name":"us-central1-api"},"message":"[runtime-status] [8123] Resolved module firebase-functions {\"declared\":true,\"installed\":true,\"version\":\"3.16.0\",\"resolution\":\"/Users/richiehagenah/Amazon-Clone/amazon-clone/functions/node_modules/firebase-functions/lib/index.js\"}"}}
[debug] [2022-01-27T21:14:30.673Z] [runtime-status] [8123] Checked functions.config() {"config":{}} {"metadata":{"emulator":{"name":"functions"},"function":{"name":"us-central1-api"},"message":"[runtime-status] [8123] Checked functions.config() {\"config\":{}}"}}
[debug] [2022-01-27T21:14:30.674Z] [runtime-status] [8123] firebase-functions has been stubbed. {"functionsResolution":{"declared":true,"installed":true,"version":"3.16.0","resolution":"/Users/richiehagenah/Amazon-Clone/amazon-clone/functions/node_modules/firebase-functions/lib/index.js"}} {"metadata":{"emulator":{"name":"functions"},"function":{"name":"us-central1-api"},"message":"[runtime-status] [8123] firebase-functions has been stubbed. {\"functionsResolution\":{\"declared\":true,\"installed\":true,\"version\":\"3.16.0\",\"resolution\":\"/Users/richiehagenah/Amazon-Clone/amazon-clone/functions/node_modules/firebase-functions/lib/index.js\"}}"}}
[debug] [2022-01-27T21:14:30.674Z] [runtime-status] [8123] Resolved module firebase-functions {"declared":true,"installed":true,"version":"3.16.0","resolution":"/Users/richiehagenah/Amazon-Clone/amazon-clone/functions/node_modules/firebase-functions/lib/index.js"} {"metadata":{"emulator":{"name":"functions"},"function":{"name":"us-central1-api"},"message":"[runtime-status] [8123] Resolved module firebase-functions {\"declared\":true,\"installed\":true,\"version\":\"3.16.0\",\"resolution\":\"/Users/richiehagenah/Amazon-Clone/amazon-clone/functions/node_modules/firebase-functions/lib/index.js\"}"}}
[debug] [2022-01-27T21:14:30.675Z] [runtime-status] [8123] Resolved module firebase-admin {"declared":true,"installed":true,"version":"9.12.0","resolution":"/Users/richiehagenah/Amazon-Clone/amazon-clone/functions/node_modules/firebase-admin/lib/index.js"} {"metadata":{"emulator":{"name":"functions"},"function":{"name":"us-central1-api"},"message":"[runtime-status] [8123] Resolved module firebase-admin {\"declared\":true,\"installed\":true,\"version\":\"9.12.0\",\"resolution\":\"/Users/richiehagenah/Amazon-Clone/amazon-clone/functions/node_modules/firebase-admin/lib/index.js\"}"}}
[debug] [2022-01-27T21:14:30.675Z] [runtime-status] [8123] Resolved module firebase-functions {"declared":true,"installed":true,"version":"3.16.0","resolution":"/Users/richiehagenah/Amazon-Clone/amazon-clone/functions/node_modules/firebase-functions/lib/index.js"} {"metadata":{"emulator":{"name":"functions"},"function":{"name":"us-central1-api"},"message":"[runtime-status] [8123] Resolved module firebase-functions {\"declared\":true,\"installed\":true,\"version\":\"3.16.0\",\"resolution\":\"/Users/richiehagenah/Amazon-Clone/amazon-clone/functions/node_modules/firebase-functions/lib/index.js\"}"}}
[debug] [2022-01-27T21:14:30.675Z] [runtime-status] [8123] firebase-admin has been stubbed. {"adminResolution":{"declared":true,"installed":true,"version":"9.12.0","resolution":"/Users/richiehagenah/Amazon-Clone/amazon-clone/functions/node_modules/firebase-admin/lib/index.js"}} {"metadata":{"emulator":{"name":"functions"},"function":{"name":"us-central1-api"},"message":"[runtime-status] [8123] firebase-admin has been stubbed. {\"adminResolution\":{\"declared\":true,\"installed\":true,\"version\":\"9.12.0\",\"resolution\":\"/Users/richiehagenah/Amazon-Clone/amazon-clone/functions/node_modules/firebase-admin/lib/index.js\"}}"}}
[debug] [2022-01-27T21:14:30.831Z] [runtime-status] [8123] Trigger "us-central1-api" has been found, beginning invocation! {"metadata":{"emulator":{"name":"functions"},"function":{"name":"us-central1-api"},"message":"[runtime-status] [8123] Trigger \"us-central1-api\" has been found, beginning invocation!"}}
[info] i  functions: Beginning execution of "us-central1-api" {"metadata":{"emulator":{"name":"functions"},"function":{"name":"us-central1-api"},"message":"Beginning execution of \"us-central1-api\""}}
[debug] [2022-01-27T21:14:30.832Z] [runtime-status] [8123] triggerDefinition {"httpsTrigger":{},"name":"api","entryPoint":"api","regions":["us-central1"],"region":"us-central1","id":"us-central1-api","platform":"gcfv1"} {"metadata":{"emulator":{"name":"functions"},"function":{"name":"us-central1-api"},"message":"[runtime-status] [8123] triggerDefinition {\"httpsTrigger\":{},\"name\":\"api\",\"entryPoint\":\"api\",\"regions\":[\"us-central1\"],\"region\":\"us-central1\",\"id\":\"us-central1-api\",\"platform\":\"gcfv1\"}"}}
[debug] [2022-01-27T21:14:30.832Z] [runtime-status] [8123] Running us-central1-api in signature http {"metadata":{"emulator":{"name":"functions"},"function":{"name":"us-central1-api"},"message":"[runtime-status] [8123] Running us-central1-api in signature http"}}
[debug] [2022-01-27T21:14:30.835Z] [runtime-status] [8123] Attempting to listen to socketPath: /var/folders/5_/btgqz_dx66n3w5st0bybkpf00000gn/T/fire_emu_8123.sock {"metadata":{"emulator":{"name":"functions"},"function":{"name":"us-central1-api"},"message":"[runtime-status] [8123] Attempting to listen to socketPath: /var/folders/5_/btgqz_dx66n3w5st0bybkpf00000gn/T/fire_emu_8123.sock"}}
[debug] [2022-01-27T21:14:30.838Z] [functions] Runtime ready! Sending request! {"metadata":{"emulator":{"name":"functions"},"message":"[functions] Runtime ready! Sending request!"}}
[debug] [2022-01-27T21:14:30.839Z] [functions] Got req.url=/clone-9b302/us-central1/api/payments/create?total=11196, mapping to path=/payments/create?total=11196 {"metadata":{"emulator":{"name":"functions"},"message":"[functions] Got req.url=/clone-9b302/us-central1/api/payments/create?total=11196, mapping to path=/payments/create?total=11196"}}
[debug] [2022-01-27T21:14:30.848Z] [runtime-status] [8123] Ephemeral server handling POST request {"metadata":{"emulator":{"name":"functions"},"function":{"name":"us-central1-api"},"message":"[runtime-status] [8123] Ephemeral server handling POST request"}}
[info] >  Payment Request Recieved BOOM! 11196 {"user":"Payment Request Recieved BOOM! 11196","metadata":{"emulator":{"name":"functions"},"function":{"name":"us-central1-api"},"message":"\u001b[90m> \u001b[39m Payment Request Recieved BOOM! 11196"}}
[debug] [2022-01-27T21:14:30.874Z] [runtime-status] [8123] Ephemeral server survived. {"metadata":{"emulator":{"name":"functions"},"function":{"name":"us-central1-api"},"message":"[runtime-status] [8123] Ephemeral server survived."}}
[info] i  functions: Finished "us-central1-api" in ~1s {"metadata":{"emulator":{"name":"functions"},"function":{"name":"us-central1-api"},"message":"Finished \"us-central1-api\" in ~1s"}}
[debug] [2022-01-27T21:14:31.331Z] [worker-us-central1-api-06b84d7a-f26a-499c-a8ab-7d3f2198ade2]: IDLE {"metadata":{"emulator":{"name":"functions"},"message":"[worker-us-central1-api-06b84d7a-f26a-499c-a8ab-7d3f2198ade2]: IDLE"}}
[debug] [2022-01-27T21:14:31.332Z] [work-queue] {"queueLength":0,"workRunningCount":0}
[debug] [2022-01-27T21:15:00.650Z] [work-queue] {"queueLength":1,"workRunningCount":0}
[debug] [2022-01-27T21:15:00.651Z] [work-queue] {"queueLength":0,"workRunningCount":1}
[debug] [2022-01-27T21:15:00.651Z] Accepted request POST /clone-9b302/us-central1/api/payments/create?total=0 --> us-central1-api
[debug] [2022-01-27T21:15:00.651Z] [worker-pool] submitWork(triggerId=us-central1-api) {"metadata":{"emulator":{"name":"functions"},"message":"[worker-pool] submitWork(triggerId=us-central1-api)"}}
[debug] [2022-01-27T21:15:00.651Z] [worker-us-central1-api-06b84d7a-f26a-499c-a8ab-7d3f2198ade2]: Assigning socketPath: /var/folders/5_/btgqz_dx66n3w5st0bybkpf00000gn/T/fire_emu_8123.sock {"metadata":{"emulator":{"name":"functions"},"message":"[worker-us-central1-api-06b84d7a-f26a-499c-a8ab-7d3f2198ade2]: Assigning socketPath: /var/folders/5_/btgqz_dx66n3w5st0bybkpf00000gn/T/fire_emu_8123.sock"}}
[debug] [2022-01-27T21:15:00.651Z] [worker-us-central1-api-06b84d7a-f26a-499c-a8ab-7d3f2198ade2]: BUSY {"metadata":{"emulator":{"name":"functions"},"message":"[worker-us-central1-api-06b84d7a-f26a-499c-a8ab-7d3f2198ade2]: BUSY"}}
[debug] [2022-01-27T21:15:00.652Z] [runtime-status] [8123] Trigger "us-central1-api" has been found, beginning invocation! {"metadata":{"emulator":{"name":"functions"},"function":{"name":"us-central1-api"},"message":"[runtime-status] [8123] Trigger \"us-central1-api\" has been found, beginning invocation!"}}
[info] i  functions: Beginning execution of "us-central1-api" {"metadata":{"emulator":{"name":"functions"},"function":{"name":"us-central1-api"},"message":"Beginning execution of \"us-central1-api\""}}
[debug] [2022-01-27T21:15:00.652Z] [runtime-status] [8123] triggerDefinition {"httpsTrigger":{},"name":"api","entryPoint":"api","regions":["us-central1"],"region":"us-central1","id":"us-central1-api","platform":"gcfv1"} {"metadata":{"emulator":{"name":"functions"},"function":{"name":"us-central1-api"},"message":"[runtime-status] [8123] triggerDefinition {\"httpsTrigger\":{},\"name\":\"api\",\"entryPoint\":\"api\",\"regions\":[\"us-central1\"],\"region\":\"us-central1\",\"id\":\"us-central1-api\",\"platform\":\"gcfv1\"}"}}
[debug] [2022-01-27T21:15:00.652Z] [runtime-status] [8123] Running us-central1-api in signature http {"metadata":{"emulator":{"name":"functions"},"function":{"name":"us-central1-api"},"message":"[runtime-status] [8123] Running us-central1-api in signature http"}}
[debug] [2022-01-27T21:15:00.653Z] [runtime-status] [8123] Attempting to listen to socketPath: /var/folders/5_/btgqz_dx66n3w5st0bybkpf00000gn/T/fire_emu_8123.sock {"metadata":{"emulator":{"name":"functions"},"function":{"name":"us-central1-api"},"message":"[runtime-status] [8123] Attempting to listen to socketPath: /var/folders/5_/btgqz_dx66n3w5st0bybkpf00000gn/T/fire_emu_8123.sock"}}
[debug] [2022-01-27T21:15:00.654Z] [functions] Runtime ready! Sending request! {"metadata":{"emulator":{"name":"functions"},"message":"[functions] Runtime ready! Sending request!"}}
[debug] [2022-01-27T21:15:00.655Z] [functions] Got req.url=/clone-9b302/us-central1/api/payments/create?total=0, mapping to path=/payments/create?total=0 {"metadata":{"emulator":{"name":"functions"},"message":"[functions] Got req.url=/clone-9b302/us-central1/api/payments/create?total=0, mapping to path=/payments/create?total=0"}}
[debug] [2022-01-27T21:15:00.660Z] [runtime-status] [8123] Ephemeral server handling POST request {"metadata":{"emulator":{"name":"functions"},"function":{"name":"us-central1-api"},"message":"[runtime-status] [8123] Ephemeral server handling POST request"}}
[debug] [2022-01-27T21:15:00.660Z] [runtime-status] [8123] Ephemeral server survived. {"metadata":{"emulator":{"name":"functions"},"function":{"name":"us-central1-api"},"message":"[runtime-status] [8123] Ephemeral server survived."}}
[info] >  Payment Request Recieved BOOM! 0 {"user":"Payment Request Recieved BOOM! 0","metadata":{"emulator":{"name":"functions"},"function":{"name":"us-central1-api"},"message":"\u001b[90m> \u001b[39m Payment Request Recieved BOOM! 0"}}
[info] >  (node:8123) UnhandledPromiseRejectionWarning: Error: This value must be greater than or equal to 1. {"user":"(node:8123) UnhandledPromiseRejectionWarning: Error: This value must be greater than or equal to 1.","metadata":{"emulator":{"name":"functions"},"function":{"name":"us-central1-api"},"message":"\u001b[90m> \u001b[39m (node:8123) UnhandledPromiseRejectionWarning: Error: This value must be greater than or equal to 1."}}
[info] >      at Function.generate (/Users/richiehagenah/Amazon-Clone/amazon-clone/functions/node_modules/stripe/lib/Error.js:40:16) {"user":"    at Function.generate (/Users/richiehagenah/Amazon-Clone/amazon-clone/functions/node_modules/stripe/lib/Error.js:40:16)","metadata":{"emulator":{"name":"functions"},"function":{"name":"us-central1-api"},"message":"\u001b[90m> \u001b[39m     at Function.generate (/Users/richiehagenah/Amazon-Clone/amazon-clone/functions/node_modules/stripe/lib/Error.js:40:16)"}}
[info] >      at res.toJSON.then.StripeAPIError.message (/Users/richiehagenah/Amazon-Clone/amazon-clone/functions/node_modules/stripe/lib/StripeResource.js:220:35) {"user":"    at res.toJSON.then.StripeAPIError.message (/Users/richiehagenah/Amazon-Clone/amazon-clone/functions/node_modules/stripe/lib/StripeResource.js:220:35)","metadata":{"emulator":{"name":"functions"},"function":{"name":"us-central1-api"},"message":"\u001b[90m> \u001b[39m     at res.toJSON.then.StripeAPIError.message (/Users/richiehagenah/Amazon-Clone/amazon-clone/functions/node_modules/stripe/lib/StripeResource.js:220:35)"}}
[info] >      at processTicksAndRejections (internal/process/task_queues.js:93:5) {"user":"    at processTicksAndRejections (internal/process/task_queues.js:93:5)","metadata":{"emulator":{"name":"functions"},"function":{"name":"us-central1-api"},"message":"\u001b[90m> \u001b[39m     at processTicksAndRejections (internal/process/task_queues.js:93:5)"}}
[info] >  (Use `node --trace-warnings ...` to show where the warning was created) {"user":"(Use `node --trace-warnings ...` to show where the warning was created)","metadata":{"emulator":{"name":"functions"},"function":{"name":"us-central1-api"},"message":"\u001b[90m> \u001b[39m (Use `node --trace-warnings ...` to show where the warning was created)"}}
[info] >  (node:8123) UnhandledPromiseRejectionWarning: Unhandled promise rejection. This error originated either by throwing inside of an async function without a catch block, or by rejecting a promise which was not handled with .catch(). To terminate the node process on unhandled promise rejection, use the CLI flag `--unhandled-rejections=strict` (see https://nodejs.org/api/cli.html#cli_unhandled_rejections_mode). (rejection id: 1) {"user":"(node:8123) UnhandledPromiseRejectionWarning: Unhandled promise rejection. This error originated either by throwing inside of an async function without a catch block, or by rejecting a promise which was not handled with .catch(). To terminate the node process on unhandled promise rejection, use the CLI flag `--unhandled-rejections=strict` (see https://nodejs.org/api/cli.html#cli_unhandled_rejections_mode). (rejection id: 1)","metadata":{"emulator":{"name":"functions"},"function":{"name":"us-central1-api"},"message":"\u001b[90m> \u001b[39m (node:8123) UnhandledPromiseRejectionWarning: Unhandled promise rejection. This error originated either by throwing inside of an async function without a catch block, or by rejecting a promise which was not handled with .catch(). To terminate the node process on unhandled promise rejection, use the CLI flag `--unhandled-rejections=strict` (see https://nodejs.org/api/cli.html#cli_unhandled_rejections_mode). (rejection id: 1)"}}
[info] >  (node:8123) [DEP0018] DeprecationWarning: Unhandled promise rejections are deprecated. In the future, promise rejections that are not handled will terminate the Node.js process with a non-zero exit code. {"user":"(node:8123) [DEP0018] DeprecationWarning: Unhandled promise rejections are deprecated. In the future, promise rejections that are not handled will terminate the Node.js process with a non-zero exit code.","metadata":{"emulator":{"name":"functions"},"function":{"name":"us-central1-api"},"message":"\u001b[90m> \u001b[39m (node:8123) [DEP0018] DeprecationWarning: Unhandled promise rejections are deprecated. In the future, promise rejections that are not handled will terminate the Node.js process with a non-zero exit code."}}
